#! /usr/bin/vvp
:ivl_version "10.2 (stable)";
:ivl_delay_selection "TYPICAL";
:vpi_time_precision + 0;
:vpi_module "system";
:vpi_module "vhdl_sys";
:vpi_module "v2005_math";
:vpi_module "va_math";
S_0x14315e0 .scope module, "mac_tile" "mac_tile" 2 3;
 .timescale 0 0;
    .port_info 0 /INPUT 1 "clk"
    .port_info 1 /OUTPUT 16 "out_s"
    .port_info 2 /INPUT 4 "in_w"
    .port_info 3 /OUTPUT 4 "out_e"
    .port_info 4 /INPUT 16 "in_n"
    .port_info 5 /INPUT 2 "inst_w"
    .port_info 6 /OUTPUT 2 "inst_e"
    .port_info 7 /INPUT 1 "reset"
P_0x14322e0 .param/l "bw" 0 2 5, +C4<00000000000000000000000000000100>;
P_0x1432320 .param/l "psum_bw" 0 2 6, +C4<00000000000000000000000000010000>;
L_0x145dfa0 .functor BUFZ 4, v0x145ca60_0, C4<0000>, C4<0000>, C4<0000>;
L_0x145e010 .functor BUFZ 16, v0x145cc10_0, C4<0000000000000000>, C4<0000000000000000>, C4<0000000000000000>;
L_0x145e080 .functor BUFZ 2, v0x145d030_0, C4<00>, C4<00>, C4<00>;
v0x145ca60_0 .var "a_q", 3 0;
v0x145cb40_0 .var "b_q", 3 0;
v0x145cc10_0 .var "c_q", 15 0;
o0x7f1e3e3352e8 .functor BUFZ 1, C4<z>; HiZ drive
v0x145cd10_0 .net "clk", 0 0, o0x7f1e3e3352e8;  0 drivers
o0x7f1e3e335318 .functor BUFZ 16, C4<zzzzzzzzzzzzzzzz>; HiZ drive
v0x145cdb0_0 .net "in_n", 15 0, o0x7f1e3e335318;  0 drivers
o0x7f1e3e335348 .functor BUFZ 4, C4<zzzz>; HiZ drive
v0x145ce70_0 .net "in_w", 3 0, o0x7f1e3e335348;  0 drivers
v0x145cf50_0 .net "inst_e", 1 0, L_0x145e080;  1 drivers
v0x145d030_0 .var "inst_q", 1 0;
o0x7f1e3e3353d8 .functor BUFZ 2, C4<zz>; HiZ drive
v0x145d110_0 .net "inst_w", 1 0, o0x7f1e3e3353d8;  0 drivers
v0x145d280_0 .var "load_ready_q", 0 0;
v0x145d340_0 .net "mac_out", 15 0, L_0x145ddb0;  1 drivers
v0x145d400_0 .net "out_e", 3 0, L_0x145dfa0;  1 drivers
v0x145d4c0_0 .net "out_s", 15 0, L_0x145e010;  1 drivers
o0x7f1e3e335498 .functor BUFZ 1, C4<z>; HiZ drive
v0x145d5a0_0 .net "reset", 0 0, o0x7f1e3e335498;  0 drivers
E_0x1448890 .event posedge, v0x145cd10_0;
S_0x1430280 .scope module, "mac_instance" "mac" 2 28, 3 3 0, S_0x14315e0;
 .timescale 0 0;
    .port_info 0 /OUTPUT 16 "out"
    .port_info 1 /INPUT 4 "a"
    .port_info 2 /INPUT 4 "b"
    .port_info 3 /INPUT 16 "c"
P_0x1442e10 .param/l "bw" 0 3 5, +C4<00000000000000000000000000000100>;
P_0x1442e50 .param/l "psum_bw" 0 3 6, +C4<00000000000000000000000000010000>;
L_0x145ddb0 .functor BUFZ 16, L_0x145dce0, C4<0000000000000000>, C4<0000000000000000>, C4<0000000000000000>;
L_0x7f1e3e2ec018 .functor BUFT 1, C4<0>, C4<0>, C4<0>, C4<0>;
v0x142f740_0 .net/2u *"_s0", 0 0, L_0x7f1e3e2ec018;  1 drivers
v0x145c030_0 .net/s *"_s10", 15 0, L_0x145dbf0;  1 drivers
v0x145c110_0 .net/s *"_s4", 8 0, L_0x145d8d0;  1 drivers
v0x145c200_0 .net/s *"_s6", 8 0, L_0x145d9c0;  1 drivers
v0x145c2e0_0 .net/s "a", 3 0, v0x145ca60_0;  1 drivers
v0x145c410_0 .net/s "a_pad", 4 0, L_0x145d760;  1 drivers
v0x145c4f0_0 .net/s "b", 3 0, v0x145cb40_0;  1 drivers
v0x145c5d0_0 .net/s "c", 15 0, v0x145cc10_0;  1 drivers
v0x145c6b0_0 .net/s "out", 15 0, L_0x145ddb0;  alias, 1 drivers
v0x145c820_0 .net/s "product", 8 0, L_0x145dab0;  1 drivers
v0x145c900_0 .net/s "psum", 15 0, L_0x145dce0;  1 drivers
L_0x145d760 .concat [ 4 1 0 0], v0x145ca60_0, L_0x7f1e3e2ec018;
L_0x145d8d0 .extend/s 9, L_0x145d760;
L_0x145d9c0 .extend/s 9, v0x145cb40_0;
L_0x145dab0 .arith/mult 9, L_0x145d8d0, L_0x145d9c0;
L_0x145dbf0 .extend/s 16, L_0x145dab0;
L_0x145dce0 .arith/sum 16, L_0x145dbf0, v0x145cc10_0;
    .scope S_0x14315e0;
T_0 ;
    %wait E_0x1448890;
    %load/vec4 v0x145d5a0_0;
    %flag_set/vec4 8;
    %jmp/0xz  T_0.0, 8;
    %pushi/vec4 0, 0, 2;
    %assign/vec4 v0x145d030_0, 0;
    %pushi/vec4 1, 0, 1;
    %assign/vec4 v0x145d280_0, 0;
    %pushi/vec4 0, 0, 4;
    %assign/vec4 v0x145ca60_0, 0;
    %pushi/vec4 0, 0, 4;
    %assign/vec4 v0x145cb40_0, 0;
    %pushi/vec4 0, 0, 16;
    %assign/vec4 v0x145cc10_0, 0;
    %jmp T_0.1;
T_0.0 ;
    %load/vec4 v0x145d110_0;
    %parti/s 1, 1, 2;
    %ix/load 4, 1, 0;
    %ix/load 5, 0, 0;
    %flag_set/imm 4, 0;
    %assign/vec4/off/d v0x145d030_0, 4, 5;
    %load/vec4 v0x145d110_0;
    %parti/s 1, 0, 2;
    %flag_set/vec4 8;
    %load/vec4 v0x145d110_0;
    %parti/s 1, 1, 2;
    %flag_set/vec4 9;
    %flag_or 9, 8;
    %jmp/0xz  T_0.2, 9;
    %load/vec4 v0x145ce70_0;
    %assign/vec4 v0x145ca60_0, 0;
T_0.2 ;
    %load/vec4 v0x145d110_0;
    %parti/s 1, 0, 2;
    %load/vec4 v0x145d280_0;
    %and;
    %flag_set/vec4 8;
    %jmp/0xz  T_0.4, 8;
    %load/vec4 v0x145ce70_0;
    %assign/vec4 v0x145cb40_0, 0;
    %pushi/vec4 0, 0, 1;
    %assign/vec4 v0x145d280_0, 0;
T_0.4 ;
    %load/vec4 v0x145d280_0;
    %nor/r;
    %flag_set/vec4 8;
    %jmp/0xz  T_0.6, 8;
    %load/vec4 v0x145d110_0;
    %parti/s 1, 0, 2;
    %ix/load 4, 0, 0;
    %ix/load 5, 0, 0;
    %flag_set/imm 4, 0;
    %assign/vec4/off/d v0x145d030_0, 4, 5;
T_0.6 ;
T_0.1 ;
    %jmp T_0;
    .thread T_0;
# The file index is used to find the file name in the following table.
:file_names 4;
    "N/A";
    "<interactive>";
    "mac_tile.v";
    "mac.v";
